<?xml version="1.0" encoding="UTF-8"?>
<!-- Generated by org.testng.reporters.JUnitXMLReporter -->
<testsuite ignored="0" hostname="192.168.1.15" failures="0" tests="12" name="Regression Tests" time="46.238" errors="0" timestamp="2026-03-31T15:01:40 GMT+07:00">
  <testcase classname="com.hcmunre.tests.UserLoginJsonTest" name="testLoginWithJson" time="0.301"/>
  <testcase classname="com.hcmunre.tests.UserLoginJsonTest" name="testLoginWithJson" time="0.354"/>
  <testcase classname="com.hcmunre.tests.UserLoginJsonTest" name="testLoginWithJson" time="0.708"/>
  <testcase classname="com.hcmunre.tests.UserLoginJsonTest" name="testLoginWithJson" time="5.373"/>
  <testcase classname="com.hcmunre.tests.UserLoginJsonTest" name="testLoginWithJson" time="0.283"/>
  <testcase classname="com.hcmunre.tests.CheckoutFakerTest" name="testCheckoutWithRandomData" time="1.241"/>
  <testcase classname="com.hcmunre.tests.RefactoredClassicTest" name="testAddItemToCart" time="0.673"/>
  <testcase classname="com.hcmunre.tests.RefactoredClassicTest" name="testContinueShopping" time="0.69"/>
  <testcase classname="com.hcmunre.tests.RefactoredClassicTest" name="testLoginEmptyUsername" time="0.252"/>
  <testcase classname="com.hcmunre.tests.RefactoredClassicTest" name="testLoginSuccess" time="0.314"/>
  <testcase classname="com.hcmunre.tests.RefactoredClassicTest" name="testLoginWrongPassword" time="0.699"/>
  <testcase classname="com.hcmunre.tests.RefactoredClassicTest" name="testRemoveItemFromCart" time="7.798"/>
</testsuite> <!-- Regression Tests -->
