<?xml version="1.0" encoding="UTF-8"?>
<!-- Generated by org.testng.reporters.JUnitXMLReporter -->
<testsuite ignored="0" hostname="LAPTOP-A17NR9K5" failures="0" tests="13" name="Regression Tests" time="46.393" errors="0" timestamp="2026-03-17T15:09:09 ICT">
  <testcase classname="com.hcmunre.tests.UserLoginJsonTest" name="testLoginWithJson" time="0.288"/>
  <testcase classname="com.hcmunre.tests.UserLoginJsonTest" name="testLoginWithJson" time="0.28"/>
  <testcase classname="com.hcmunre.tests.UserLoginJsonTest" name="testLoginWithJson" time="0.236"/>
  <testcase classname="com.hcmunre.tests.UserLoginJsonTest" name="testLoginWithJson" time="5.245"/>
  <testcase classname="com.hcmunre.tests.UserLoginJsonTest" name="testLoginWithJson" time="0.224"/>
  <testcase classname="com.hcmunre.tests.CheckoutFakerTest" name="testCheckoutWithRandomData" time="1.333">
    <skipped/>
  </testcase> <!-- testCheckoutWithRandomData -->
  <testcase classname="com.hcmunre.tests.CheckoutFakerTest" name="testCheckoutWithRandomData" time="2.619"/>
  <testcase classname="com.hcmunre.tests.RefactoredClassicTest" name="testAddItemToCart" time="0.29"/>
  <testcase classname="com.hcmunre.tests.RefactoredClassicTest" name="testContinueShopping" time="0.33"/>
  <testcase classname="com.hcmunre.tests.RefactoredClassicTest" name="testLoginEmptyUsername" time="0.207"/>
  <testcase classname="com.hcmunre.tests.RefactoredClassicTest" name="testLoginSuccess" time="0.233"/>
  <testcase classname="com.hcmunre.tests.RefactoredClassicTest" name="testLoginWrongPassword" time="0.238"/>
  <testcase classname="com.hcmunre.tests.RefactoredClassicTest" name="testRemoveItemFromCart" time="7.45"/>
</testsuite> <!-- Regression Tests -->
