<?xml version="1.0" encoding="UTF-8"?>
<!-- Generated by org.testng.reporters.JUnitXMLReporter -->
<testsuite ignored="6" hostname="LAPTOP-A17NR9K5" failures="0" tests="0" name="Regression Tests" time="0.006" errors="0" timestamp="2026-03-17T14:43:33 ICT">
  <testcase classname="com.hcmunre.tests.RefactoredClassicTest" name="testRemoveItemFromCart" time="0.0">
    <ignored/>
  </testcase> <!-- testRemoveItemFromCart -->
  <testcase classname="com.hcmunre.tests.RefactoredClassicTest" name="testAddItemToCart" time="0.0">
    <ignored/>
  </testcase> <!-- testAddItemToCart -->
  <testcase classname="com.hcmunre.tests.RefactoredClassicTest" name="testLoginEmptyUsername" time="0.0">
    <ignored/>
  </testcase> <!-- testLoginEmptyUsername -->
  <testcase classname="com.hcmunre.tests.RefactoredClassicTest" name="testContinueShopping" time="0.0">
    <ignored/>
  </testcase> <!-- testContinueShopping -->
  <testcase classname="com.hcmunre.tests.RefactoredClassicTest" name="testLoginWrongPassword" time="0.0">
    <ignored/>
  </testcase> <!-- testLoginWrongPassword -->
  <testcase classname="com.hcmunre.tests.RefactoredClassicTest" name="testLoginSuccess" time="0.0">
    <ignored/>
  </testcase> <!-- testLoginSuccess -->
</testsuite> <!-- Regression Tests -->
