<?xml version="1.0" encoding="UTF-8"?>
<!-- Generated by org.testng.reporters.JUnitXMLReporter -->
<testsuite ignored="2" hostname="LAPTOP-A17NR9K5" failures="0" tests="0" name="Smoke Tests" time="0.034" errors="0" timestamp="2026-03-17T14:43:33 ICT">
  <testcase classname="com.hcmunre.tests.LoginDataDrivenTest" name="testLoginNegative" time="0.0">
    <ignored/>
  </testcase> <!-- testLoginNegative -->
  <testcase classname="com.hcmunre.tests.LoginDataDrivenTest" name="testLoginBoundary" time="0.0">
    <ignored/>
  </testcase> <!-- testLoginBoundary -->
</testsuite> <!-- Smoke Tests -->
