<?xml version="1.0" encoding="UTF-8"?>
<testng-results ignored="0" total="12" passed="12" failed="0" skipped="0">
  <reporter-output>
  </reporter-output>
  <suite started-at="2026-03-31T14:14:24 GMT+07:00" name="SauceDemo Regression Suite" finished-at="2026-03-31T14:15:29 GMT+07:00" duration-ms="64893">
    <groups>
      <group name="regression">
        <method signature="LoginDataDrivenTest.testLoginBoundary(java.lang.String,java.lang.String,java.lang.String,java.lang.String)[pri:0, instance:com.hcmunre.tests.LoginDataDrivenTest@4f18837a]" name="testLoginBoundary" class="com.hcmunre.tests.LoginDataDrivenTest"/>
        <method signature="LoginDataDrivenTest.testLoginNegative(java.lang.String,java.lang.String,java.lang.String,java.lang.String)[pri:0, instance:com.hcmunre.tests.LoginDataDrivenTest@4f18837a]" name="testLoginNegative" class="com.hcmunre.tests.LoginDataDrivenTest"/>
      </group> <!-- regression -->
      <group name="smoke">
        <method signature="LoginDataDrivenTest.testLoginSmoke(java.lang.String,java.lang.String,java.lang.String,java.lang.String)[pri:0, instance:com.hcmunre.tests.LoginDataDrivenTest@4f18837a]" name="testLoginSmoke" class="com.hcmunre.tests.LoginDataDrivenTest"/>
      </group> <!-- smoke -->
    </groups>
    <test started-at="2026-03-31T14:14:24 GMT+07:00" name="Regression Tests" finished-at="2026-03-31T14:15:29 GMT+07:00" duration-ms="64893">
      <class name="com.hcmunre.tests.RefactoredClassicTest">
        <test-method is-config="true" signature="setUp()[pri:0, instance:com.hcmunre.tests.RefactoredClassicTest@351d00c0]" started-at="2026-03-31T14:14:59 GMT+07:00" name="setUp" finished-at="2026-03-31T14:15:00 GMT+07:00" duration-ms="1530" status="PASS">
          <reporter-output>
          </reporter-output>
        </test-method> <!-- setUp -->
        <test-method is-config="true" signature="setup()[pri:0, instance:com.hcmunre.tests.RefactoredClassicTest@351d00c0]" started-at="2026-03-31T14:15:00 GMT+07:00" name="setup" finished-at="2026-03-31T14:15:01 GMT+07:00" duration-ms="827" status="PASS">
          <reporter-output>
          </reporter-output>
        </test-method> <!-- setup -->
        <test-method signature="testAddItemToCart()[pri:0, instance:com.hcmunre.tests.RefactoredClassicTest@351d00c0]" started-at="2026-03-31T14:15:01 GMT+07:00" name="testAddItemToCart" description="Refactored: Thêm sản phẩm vào giỏ hàng - kiểm tra badge" finished-at="2026-03-31T14:15:02 GMT+07:00" duration-ms="249" status="PASS">
          <reporter-output>
          </reporter-output>
        </test-method> <!-- testAddItemToCart -->
        <test-method is-config="true" signature="tearDown()[pri:0, instance:com.hcmunre.tests.RefactoredClassicTest@351d00c0]" started-at="2026-03-31T14:15:02 GMT+07:00" name="tearDown" finished-at="2026-03-31T14:15:02 GMT+07:00" duration-ms="413" status="PASS">
          <reporter-output>
          </reporter-output>
        </test-method> <!-- tearDown -->
        <test-method is-config="true" signature="setUp()[pri:0, instance:com.hcmunre.tests.RefactoredClassicTest@351d00c0]" started-at="2026-03-31T14:15:02 GMT+07:00" name="setUp" finished-at="2026-03-31T14:15:04 GMT+07:00" duration-ms="1581" status="PASS">
          <reporter-output>
          </reporter-output>
        </test-method> <!-- setUp -->
        <test-method is-config="true" signature="setup()[pri:0, instance:com.hcmunre.tests.RefactoredClassicTest@351d00c0]" started-at="2026-03-31T14:15:04 GMT+07:00" name="setup" finished-at="2026-03-31T14:15:04 GMT+07:00" duration-ms="847" status="PASS">
          <reporter-output>
          </reporter-output>
        </test-method> <!-- setup -->
        <test-method signature="testContinueShopping()[pri:0, instance:com.hcmunre.tests.RefactoredClassicTest@351d00c0]" started-at="2026-03-31T14:15:04 GMT+07:00" name="testContinueShopping" description="Refactored: Nút Continue Shopping" finished-at="2026-03-31T14:15:05 GMT+07:00" duration-ms="287" status="PASS">
          <reporter-output>
          </reporter-output>
        </test-method> <!-- testContinueShopping -->
        <test-method is-config="true" signature="tearDown()[pri:0, instance:com.hcmunre.tests.RefactoredClassicTest@351d00c0]" started-at="2026-03-31T14:15:05 GMT+07:00" name="tearDown" finished-at="2026-03-31T14:15:05 GMT+07:00" duration-ms="386" status="PASS">
          <reporter-output>
          </reporter-output>
        </test-method> <!-- tearDown -->
        <test-method is-config="true" signature="setUp()[pri:0, instance:com.hcmunre.tests.RefactoredClassicTest@351d00c0]" started-at="2026-03-31T14:15:05 GMT+07:00" name="setUp" finished-at="2026-03-31T14:15:07 GMT+07:00" duration-ms="1575" status="PASS">
          <reporter-output>
          </reporter-output>
        </test-method> <!-- setUp -->
        <test-method is-config="true" signature="setup()[pri:0, instance:com.hcmunre.tests.RefactoredClassicTest@351d00c0]" started-at="2026-03-31T14:15:07 GMT+07:00" name="setup" finished-at="2026-03-31T14:15:07 GMT+07:00" duration-ms="803" status="PASS">
          <reporter-output>
          </reporter-output>
        </test-method> <!-- setup -->
        <test-method signature="testLoginEmptyUsername()[pri:0, instance:com.hcmunre.tests.RefactoredClassicTest@351d00c0]" started-at="2026-03-31T14:15:07 GMT+07:00" name="testLoginEmptyUsername" description="Refactored: Bỏ trống username" finished-at="2026-03-31T14:15:08 GMT+07:00" duration-ms="172" status="PASS">
          <reporter-output>
          </reporter-output>
        </test-method> <!-- testLoginEmptyUsername -->
        <test-method is-config="true" signature="tearDown()[pri:0, instance:com.hcmunre.tests.RefactoredClassicTest@351d00c0]" started-at="2026-03-31T14:15:08 GMT+07:00" name="tearDown" finished-at="2026-03-31T14:15:13 GMT+07:00" duration-ms="5285" status="PASS">
          <reporter-output>
          </reporter-output>
        </test-method> <!-- tearDown -->
        <test-method is-config="true" signature="setUp()[pri:0, instance:com.hcmunre.tests.RefactoredClassicTest@351d00c0]" started-at="2026-03-31T14:15:13 GMT+07:00" name="setUp" finished-at="2026-03-31T14:15:14 GMT+07:00" duration-ms="1521" status="PASS">
          <reporter-output>
          </reporter-output>
        </test-method> <!-- setUp -->
        <test-method is-config="true" signature="setup()[pri:0, instance:com.hcmunre.tests.RefactoredClassicTest@351d00c0]" started-at="2026-03-31T14:15:14 GMT+07:00" name="setup" finished-at="2026-03-31T14:15:15 GMT+07:00" duration-ms="785" status="PASS">
          <reporter-output>
          </reporter-output>
        </test-method> <!-- setup -->
        <test-method signature="testLoginSuccess()[pri:0, instance:com.hcmunre.tests.RefactoredClassicTest@351d00c0]" started-at="2026-03-31T14:15:15 GMT+07:00" name="testLoginSuccess" description="Refactored: Đăng nhập thành công với tài khoản hợp lệ" finished-at="2026-03-31T14:15:15 GMT+07:00" duration-ms="136" status="PASS">
          <reporter-output>
          </reporter-output>
        </test-method> <!-- testLoginSuccess -->
        <test-method is-config="true" signature="tearDown()[pri:0, instance:com.hcmunre.tests.RefactoredClassicTest@351d00c0]" started-at="2026-03-31T14:15:15 GMT+07:00" name="tearDown" finished-at="2026-03-31T14:15:16 GMT+07:00" duration-ms="393" status="PASS">
          <reporter-output>
          </reporter-output>
        </test-method> <!-- tearDown -->
        <test-method is-config="true" signature="setUp()[pri:0, instance:com.hcmunre.tests.RefactoredClassicTest@351d00c0]" started-at="2026-03-31T14:15:16 GMT+07:00" name="setUp" finished-at="2026-03-31T14:15:17 GMT+07:00" duration-ms="1536" status="PASS">
          <reporter-output>
          </reporter-output>
        </test-method> <!-- setUp -->
        <test-method is-config="true" signature="setup()[pri:0, instance:com.hcmunre.tests.RefactoredClassicTest@351d00c0]" started-at="2026-03-31T14:15:17 GMT+07:00" name="setup" finished-at="2026-03-31T14:15:18 GMT+07:00" duration-ms="895" status="PASS">
          <reporter-output>
          </reporter-output>
        </test-method> <!-- setup -->
        <test-method signature="testLoginWrongPassword()[pri:0, instance:com.hcmunre.tests.RefactoredClassicTest@351d00c0]" started-at="2026-03-31T14:15:18 GMT+07:00" name="testLoginWrongPassword" description="Refactored: Đăng nhập sai mật khẩu" finished-at="2026-03-31T14:15:18 GMT+07:00" duration-ms="173" status="PASS">
          <reporter-output>
          </reporter-output>
        </test-method> <!-- testLoginWrongPassword -->
        <test-method is-config="true" signature="tearDown()[pri:0, instance:com.hcmunre.tests.RefactoredClassicTest@351d00c0]" started-at="2026-03-31T14:15:18 GMT+07:00" name="tearDown" finished-at="2026-03-31T14:15:19 GMT+07:00" duration-ms="390" status="PASS">
          <reporter-output>
          </reporter-output>
        </test-method> <!-- tearDown -->
        <test-method is-config="true" signature="setUp()[pri:0, instance:com.hcmunre.tests.RefactoredClassicTest@351d00c0]" started-at="2026-03-31T14:15:19 GMT+07:00" name="setUp" finished-at="2026-03-31T14:15:20 GMT+07:00" duration-ms="1531" status="PASS">
          <reporter-output>
          </reporter-output>
        </test-method> <!-- setUp -->
        <test-method is-config="true" signature="setup()[pri:0, instance:com.hcmunre.tests.RefactoredClassicTest@351d00c0]" started-at="2026-03-31T14:15:20 GMT+07:00" name="setup" finished-at="2026-03-31T14:15:21 GMT+07:00" duration-ms="688" status="PASS">
          <reporter-output>
          </reporter-output>
        </test-method> <!-- setup -->
        <test-method signature="testRemoveItemFromCart()[pri:0, instance:com.hcmunre.tests.RefactoredClassicTest@351d00c0]" started-at="2026-03-31T14:15:21 GMT+07:00" name="testRemoveItemFromCart" description="Refactored: Xóa sản phẩm khỏi giỏ hàng" finished-at="2026-03-31T14:15:28 GMT+07:00" duration-ms="7374" status="PASS">
          <reporter-output>
          </reporter-output>
        </test-method> <!-- testRemoveItemFromCart -->
        <test-method is-config="true" signature="tearDown()[pri:0, instance:com.hcmunre.tests.RefactoredClassicTest@351d00c0]" started-at="2026-03-31T14:15:28 GMT+07:00" name="tearDown" finished-at="2026-03-31T14:15:29 GMT+07:00" duration-ms="430" status="PASS">
          <reporter-output>
          </reporter-output>
        </test-method> <!-- tearDown -->
      </class> <!-- com.hcmunre.tests.RefactoredClassicTest -->
      <class name="com.hcmunre.tests.CheckoutFakerTest">
        <test-method is-config="true" signature="setUp()[pri:0, instance:com.hcmunre.tests.CheckoutFakerTest@49e53c76]" started-at="2026-03-31T14:14:55 GMT+07:00" name="setUp" finished-at="2026-03-31T14:14:57 GMT+07:00" duration-ms="1588" status="PASS">
          <reporter-output>
          </reporter-output>
        </test-method> <!-- setUp -->
        <test-method signature="testCheckoutWithRandomData()[pri:0, instance:com.hcmunre.tests.CheckoutFakerTest@49e53c76]" started-at="2026-03-31T14:14:57 GMT+07:00" name="testCheckoutWithRandomData" finished-at="2026-03-31T14:14:59 GMT+07:00" duration-ms="1511" status="PASS">
          <reporter-output>
          </reporter-output>
        </test-method> <!-- testCheckoutWithRandomData -->
        <test-method is-config="true" signature="tearDown()[pri:0, instance:com.hcmunre.tests.CheckoutFakerTest@49e53c76]" started-at="2026-03-31T14:14:59 GMT+07:00" name="tearDown" finished-at="2026-03-31T14:14:59 GMT+07:00" duration-ms="391" status="PASS">
          <reporter-output>
          </reporter-output>
        </test-method> <!-- tearDown -->
      </class> <!-- com.hcmunre.tests.CheckoutFakerTest -->
      <class name="com.hcmunre.tests.UserLoginJsonTest">
        <test-method is-config="true" signature="setUp()[pri:0, instance:com.hcmunre.tests.UserLoginJsonTest@38d8f54a]" started-at="2026-03-31T14:14:24 GMT+07:00" name="setUp" finished-at="2026-03-31T14:14:33 GMT+07:00" duration-ms="8743" status="PASS">
          <reporter-output>
          </reporter-output>
        </test-method> <!-- setUp -->
        <test-method is-config="true" signature="setupTest(java.lang.reflect.Method,[Ljava.lang.Object;)[pri:0, instance:com.hcmunre.tests.UserLoginJsonTest@38d8f54a]" started-at="2026-03-31T14:14:33 GMT+07:00" name="setupTest" finished-at="2026-03-31T14:14:34 GMT+07:00" duration-ms="815" status="PASS">
          <params>
            <param index="0">
              <value>
                <![CDATA[public void com.hcmunre.tests.UserLoginJsonTest.testLoginWithJson(com.hcmunre.models.UserData)]]>
              </value>
            </param>
            <param index="1">
              <value>
                <![CDATA[[Ljava.lang.Object;@440ef8d]]>
              </value>
            </param>
          </params>
          <reporter-output>
          </reporter-output>
        </test-method> <!-- setupTest -->
        <test-method signature="testLoginWithJson(com.hcmunre.models.UserData)[pri:0, instance:com.hcmunre.tests.UserLoginJsonTest@38d8f54a]" started-at="2026-03-31T14:14:34 GMT+07:00" name="testLoginWithJson" data-provider="UserDataJson" finished-at="2026-03-31T14:14:34 GMT+07:00" duration-ms="202" status="PASS">
          <params>
            <param index="0">
              <value>
                <![CDATA[com.hcmunre.models.UserData@3abd581e]]>
              </value>
            </param>
          </params>
          <reporter-output>
          </reporter-output>
        </test-method> <!-- testLoginWithJson -->
        <test-method is-config="true" signature="tearDown()[pri:0, instance:com.hcmunre.tests.UserLoginJsonTest@38d8f54a]" started-at="2026-03-31T14:14:34 GMT+07:00" name="tearDown" finished-at="2026-03-31T14:14:34 GMT+07:00" duration-ms="406" status="PASS">
          <reporter-output>
          </reporter-output>
        </test-method> <!-- tearDown -->
        <test-method is-config="true" signature="setUp()[pri:0, instance:com.hcmunre.tests.UserLoginJsonTest@38d8f54a]" started-at="2026-03-31T14:14:34 GMT+07:00" name="setUp" finished-at="2026-03-31T14:14:36 GMT+07:00" duration-ms="1516" status="PASS">
          <reporter-output>
          </reporter-output>
        </test-method> <!-- setUp -->
        <test-method is-config="true" signature="setupTest(java.lang.reflect.Method,[Ljava.lang.Object;)[pri:0, instance:com.hcmunre.tests.UserLoginJsonTest@38d8f54a]" started-at="2026-03-31T14:14:36 GMT+07:00" name="setupTest" finished-at="2026-03-31T14:14:37 GMT+07:00" duration-ms="1615" status="PASS">
          <params>
            <param index="0">
              <value>
                <![CDATA[public void com.hcmunre.tests.UserLoginJsonTest.testLoginWithJson(com.hcmunre.models.UserData)]]>
              </value>
            </param>
            <param index="1">
              <value>
                <![CDATA[[Ljava.lang.Object;@17fbfb02]]>
              </value>
            </param>
          </params>
          <reporter-output>
          </reporter-output>
        </test-method> <!-- setupTest -->
        <test-method signature="testLoginWithJson(com.hcmunre.models.UserData)[pri:0, instance:com.hcmunre.tests.UserLoginJsonTest@38d8f54a]" started-at="2026-03-31T14:14:37 GMT+07:00" name="testLoginWithJson" data-provider="UserDataJson" finished-at="2026-03-31T14:14:37 GMT+07:00" duration-ms="157" status="PASS">
          <params>
            <param index="0">
              <value>
                <![CDATA[com.hcmunre.models.UserData@6e78fcf5]]>
              </value>
            </param>
          </params>
          <reporter-output>
          </reporter-output>
        </test-method> <!-- testLoginWithJson -->
        <test-method is-config="true" signature="tearDown()[pri:0, instance:com.hcmunre.tests.UserLoginJsonTest@38d8f54a]" started-at="2026-03-31T14:14:37 GMT+07:00" name="tearDown" finished-at="2026-03-31T14:14:38 GMT+07:00" duration-ms="401" status="PASS">
          <reporter-output>
          </reporter-output>
        </test-method> <!-- tearDown -->
        <test-method is-config="true" signature="setUp()[pri:0, instance:com.hcmunre.tests.UserLoginJsonTest@38d8f54a]" started-at="2026-03-31T14:14:38 GMT+07:00" name="setUp" finished-at="2026-03-31T14:14:39 GMT+07:00" duration-ms="1618" status="PASS">
          <reporter-output>
          </reporter-output>
        </test-method> <!-- setUp -->
        <test-method is-config="true" signature="setupTest(java.lang.reflect.Method,[Ljava.lang.Object;)[pri:0, instance:com.hcmunre.tests.UserLoginJsonTest@38d8f54a]" started-at="2026-03-31T14:14:39 GMT+07:00" name="setupTest" finished-at="2026-03-31T14:14:42 GMT+07:00" duration-ms="2868" status="PASS">
          <params>
            <param index="0">
              <value>
                <![CDATA[public void com.hcmunre.tests.UserLoginJsonTest.testLoginWithJson(com.hcmunre.models.UserData)]]>
              </value>
            </param>
            <param index="1">
              <value>
                <![CDATA[[Ljava.lang.Object;@8f2e3e6]]>
              </value>
            </param>
          </params>
          <reporter-output>
          </reporter-output>
        </test-method> <!-- setupTest -->
        <test-method signature="testLoginWithJson(com.hcmunre.models.UserData)[pri:0, instance:com.hcmunre.tests.UserLoginJsonTest@38d8f54a]" started-at="2026-03-31T14:14:42 GMT+07:00" name="testLoginWithJson" data-provider="UserDataJson" finished-at="2026-03-31T14:14:43 GMT+07:00" duration-ms="171" status="PASS">
          <params>
            <param index="0">
              <value>
                <![CDATA[com.hcmunre.models.UserData@29be7749]]>
              </value>
            </param>
          </params>
          <reporter-output>
          </reporter-output>
        </test-method> <!-- testLoginWithJson -->
        <test-method is-config="true" signature="tearDown()[pri:0, instance:com.hcmunre.tests.UserLoginJsonTest@38d8f54a]" started-at="2026-03-31T14:14:43 GMT+07:00" name="tearDown" finished-at="2026-03-31T14:14:43 GMT+07:00" duration-ms="395" status="PASS">
          <reporter-output>
          </reporter-output>
        </test-method> <!-- tearDown -->
        <test-method is-config="true" signature="setUp()[pri:0, instance:com.hcmunre.tests.UserLoginJsonTest@38d8f54a]" started-at="2026-03-31T14:14:43 GMT+07:00" name="setUp" finished-at="2026-03-31T14:14:45 GMT+07:00" duration-ms="1587" status="PASS">
          <reporter-output>
          </reporter-output>
        </test-method> <!-- setUp -->
        <test-method is-config="true" signature="setupTest(java.lang.reflect.Method,[Ljava.lang.Object;)[pri:0, instance:com.hcmunre.tests.UserLoginJsonTest@38d8f54a]" started-at="2026-03-31T14:14:45 GMT+07:00" name="setupTest" finished-at="2026-03-31T14:14:47 GMT+07:00" duration-ms="2544" status="PASS">
          <params>
            <param index="0">
              <value>
                <![CDATA[public void com.hcmunre.tests.UserLoginJsonTest.testLoginWithJson(com.hcmunre.models.UserData)]]>
              </value>
            </param>
            <param index="1">
              <value>
                <![CDATA[[Ljava.lang.Object;@6f315b08]]>
              </value>
            </param>
          </params>
          <reporter-output>
          </reporter-output>
        </test-method> <!-- setupTest -->
        <test-method signature="testLoginWithJson(com.hcmunre.models.UserData)[pri:0, instance:com.hcmunre.tests.UserLoginJsonTest@38d8f54a]" started-at="2026-03-31T14:14:47 GMT+07:00" name="testLoginWithJson" data-provider="UserDataJson" finished-at="2026-03-31T14:14:52 GMT+07:00" duration-ms="5158" status="PASS">
          <params>
            <param index="0">
              <value>
                <![CDATA[com.hcmunre.models.UserData@6b474074]]>
              </value>
            </param>
          </params>
          <reporter-output>
          </reporter-output>
        </test-method> <!-- testLoginWithJson -->
        <test-method is-config="true" signature="tearDown()[pri:0, instance:com.hcmunre.tests.UserLoginJsonTest@38d8f54a]" started-at="2026-03-31T14:14:52 GMT+07:00" name="tearDown" finished-at="2026-03-31T14:14:53 GMT+07:00" duration-ms="395" status="PASS">
          <reporter-output>
          </reporter-output>
        </test-method> <!-- tearDown -->
        <test-method is-config="true" signature="setUp()[pri:0, instance:com.hcmunre.tests.UserLoginJsonTest@38d8f54a]" started-at="2026-03-31T14:14:53 GMT+07:00" name="setUp" finished-at="2026-03-31T14:14:54 GMT+07:00" duration-ms="1548" status="PASS">
          <reporter-output>
          </reporter-output>
        </test-method> <!-- setUp -->
        <test-method is-config="true" signature="setupTest(java.lang.reflect.Method,[Ljava.lang.Object;)[pri:0, instance:com.hcmunre.tests.UserLoginJsonTest@38d8f54a]" started-at="2026-03-31T14:14:54 GMT+07:00" name="setupTest" finished-at="2026-03-31T14:14:55 GMT+07:00" duration-ms="772" status="PASS">
          <params>
            <param index="0">
              <value>
                <![CDATA[public void com.hcmunre.tests.UserLoginJsonTest.testLoginWithJson(com.hcmunre.models.UserData)]]>
              </value>
            </param>
            <param index="1">
              <value>
                <![CDATA[[Ljava.lang.Object;@6c8efde4]]>
              </value>
            </param>
          </params>
          <reporter-output>
          </reporter-output>
        </test-method> <!-- setupTest -->
        <test-method signature="testLoginWithJson(com.hcmunre.models.UserData)[pri:0, instance:com.hcmunre.tests.UserLoginJsonTest@38d8f54a]" started-at="2026-03-31T14:14:55 GMT+07:00" name="testLoginWithJson" data-provider="UserDataJson" finished-at="2026-03-31T14:14:55 GMT+07:00" duration-ms="155" status="PASS">
          <params>
            <param index="0">
              <value>
                <![CDATA[com.hcmunre.models.UserData@2257fadf]]>
              </value>
            </param>
          </params>
          <reporter-output>
          </reporter-output>
        </test-method> <!-- testLoginWithJson -->
        <test-method is-config="true" signature="tearDown()[pri:0, instance:com.hcmunre.tests.UserLoginJsonTest@38d8f54a]" started-at="2026-03-31T14:14:55 GMT+07:00" name="tearDown" finished-at="2026-03-31T14:14:55 GMT+07:00" duration-ms="397" status="PASS">
          <reporter-output>
          </reporter-output>
        </test-method> <!-- tearDown -->
      </class> <!-- com.hcmunre.tests.UserLoginJsonTest -->
    </test> <!-- Regression Tests -->
  </suite> <!-- SauceDemo Regression Suite -->
</testng-results>
