<?xml version="1.0" encoding="UTF-8"?>
<testng-results retried="1" ignored="1" total="14" passed="12" failed="0" skipped="0">
  <reporter-output>
  </reporter-output>
  <suite started-at="2026-03-17T15:08:23 ICT" name="SauceDemo Regression Suite" finished-at="2026-03-17T15:09:09 ICT" duration-ms="46393">
    <groups>
      <group name="regression">
        <method signature="LoginDataDrivenTest.testLoginBoundary(java.lang.String,java.lang.String,java.lang.String,java.lang.String)[pri:0, instance:com.hcmunre.tests.LoginDataDrivenTest@4fb61f4a]" name="testLoginBoundary" class="com.hcmunre.tests.LoginDataDrivenTest"/>
        <method signature="LoginDataDrivenTest.testLoginNegative(java.lang.String,java.lang.String,java.lang.String,java.lang.String)[pri:0, instance:com.hcmunre.tests.LoginDataDrivenTest@4fb61f4a]" name="testLoginNegative" class="com.hcmunre.tests.LoginDataDrivenTest"/>
      </group> <!-- regression -->
      <group name="smoke">
        <method signature="LoginDataDrivenTest.testLoginSmoke(java.lang.String,java.lang.String,java.lang.String,java.lang.String)[pri:0, instance:com.hcmunre.tests.LoginDataDrivenTest@4fb61f4a]" name="testLoginSmoke" class="com.hcmunre.tests.LoginDataDrivenTest"/>
      </group> <!-- smoke -->
    </groups>
    <test started-at="2026-03-17T15:08:23 ICT" name="Regression Tests" finished-at="2026-03-17T15:09:09 ICT" duration-ms="46393">
      <class name="com.hcmunre.tests.RefactoredClassicTest">
        <test-method is-config="true" signature="setUp()[pri:0, instance:com.hcmunre.tests.RefactoredClassicTest@313ac989]" started-at="2026-03-17T15:08:47 ICT" name="setUp" finished-at="2026-03-17T15:08:47 ICT" duration-ms="554" status="PASS">
          <reporter-output>
          </reporter-output>
        </test-method> <!-- setUp -->
        <test-method is-config="true" signature="setup()[pri:0, instance:com.hcmunre.tests.RefactoredClassicTest@313ac989]" started-at="2026-03-17T15:08:47 ICT" name="setup" finished-at="2026-03-17T15:08:49 ICT" duration-ms="1410" status="PASS">
          <reporter-output>
          </reporter-output>
        </test-method> <!-- setup -->
        <test-method signature="testAddItemToCart()[pri:0, instance:com.hcmunre.tests.RefactoredClassicTest@313ac989]" started-at="2026-03-17T15:08:49 ICT" name="testAddItemToCart" description="Refactored: Thêm sản phẩm vào giỏ hàng - kiểm tra badge" finished-at="2026-03-17T15:08:49 ICT" duration-ms="290" status="PASS">
          <reporter-output>
          </reporter-output>
        </test-method> <!-- testAddItemToCart -->
        <test-method is-config="true" signature="tearDown()[pri:0, instance:com.hcmunre.tests.RefactoredClassicTest@313ac989]" started-at="2026-03-17T15:08:49 ICT" name="tearDown" finished-at="2026-03-17T15:08:49 ICT" duration-ms="117" status="PASS">
          <reporter-output>
          </reporter-output>
        </test-method> <!-- tearDown -->
        <test-method is-config="true" signature="setUp()[pri:0, instance:com.hcmunre.tests.RefactoredClassicTest@313ac989]" started-at="2026-03-17T15:08:49 ICT" name="setUp" finished-at="2026-03-17T15:08:50 ICT" duration-ms="598" status="PASS">
          <reporter-output>
          </reporter-output>
        </test-method> <!-- setUp -->
        <test-method is-config="true" signature="setup()[pri:0, instance:com.hcmunre.tests.RefactoredClassicTest@313ac989]" started-at="2026-03-17T15:08:50 ICT" name="setup" finished-at="2026-03-17T15:08:51 ICT" duration-ms="1222" status="PASS">
          <reporter-output>
          </reporter-output>
        </test-method> <!-- setup -->
        <test-method signature="testContinueShopping()[pri:0, instance:com.hcmunre.tests.RefactoredClassicTest@313ac989]" started-at="2026-03-17T15:08:51 ICT" name="testContinueShopping" description="Refactored: Nút Continue Shopping" finished-at="2026-03-17T15:08:51 ICT" duration-ms="330" status="PASS">
          <reporter-output>
          </reporter-output>
        </test-method> <!-- testContinueShopping -->
        <test-method is-config="true" signature="tearDown()[pri:0, instance:com.hcmunre.tests.RefactoredClassicTest@313ac989]" started-at="2026-03-17T15:08:51 ICT" name="tearDown" finished-at="2026-03-17T15:08:51 ICT" duration-ms="120" status="PASS">
          <reporter-output>
          </reporter-output>
        </test-method> <!-- tearDown -->
        <test-method is-config="true" signature="setUp()[pri:0, instance:com.hcmunre.tests.RefactoredClassicTest@313ac989]" started-at="2026-03-17T15:08:51 ICT" name="setUp" finished-at="2026-03-17T15:08:52 ICT" duration-ms="616" status="PASS">
          <reporter-output>
          </reporter-output>
        </test-method> <!-- setUp -->
        <test-method is-config="true" signature="setup()[pri:0, instance:com.hcmunre.tests.RefactoredClassicTest@313ac989]" started-at="2026-03-17T15:08:52 ICT" name="setup" finished-at="2026-03-17T15:08:52 ICT" duration-ms="545" status="PASS">
          <reporter-output>
          </reporter-output>
        </test-method> <!-- setup -->
        <test-method signature="testLoginEmptyUsername()[pri:0, instance:com.hcmunre.tests.RefactoredClassicTest@313ac989]" started-at="2026-03-17T15:08:52 ICT" name="testLoginEmptyUsername" description="Refactored: Bỏ trống username" finished-at="2026-03-17T15:08:53 ICT" duration-ms="207" status="PASS">
          <reporter-output>
          </reporter-output>
        </test-method> <!-- testLoginEmptyUsername -->
        <test-method is-config="true" signature="tearDown()[pri:0, instance:com.hcmunre.tests.RefactoredClassicTest@313ac989]" started-at="2026-03-17T15:08:53 ICT" name="tearDown" finished-at="2026-03-17T15:08:53 ICT" duration-ms="107" status="PASS">
          <reporter-output>
          </reporter-output>
        </test-method> <!-- tearDown -->
        <test-method is-config="true" signature="setUp()[pri:0, instance:com.hcmunre.tests.RefactoredClassicTest@313ac989]" started-at="2026-03-17T15:08:53 ICT" name="setUp" finished-at="2026-03-17T15:08:53 ICT" duration-ms="581" status="PASS">
          <reporter-output>
          </reporter-output>
        </test-method> <!-- setUp -->
        <test-method is-config="true" signature="setup()[pri:0, instance:com.hcmunre.tests.RefactoredClassicTest@313ac989]" started-at="2026-03-17T15:08:53 ICT" name="setup" finished-at="2026-03-17T15:08:55 ICT" duration-ms="1483" status="PASS">
          <reporter-output>
          </reporter-output>
        </test-method> <!-- setup -->
        <test-method signature="testLoginSuccess()[pri:0, instance:com.hcmunre.tests.RefactoredClassicTest@313ac989]" started-at="2026-03-17T15:08:55 ICT" name="testLoginSuccess" description="Refactored: Đăng nhập thành công với tài khoản hợp lệ" finished-at="2026-03-17T15:08:55 ICT" duration-ms="233" status="PASS">
          <reporter-output>
          </reporter-output>
        </test-method> <!-- testLoginSuccess -->
        <test-method is-config="true" signature="tearDown()[pri:0, instance:com.hcmunre.tests.RefactoredClassicTest@313ac989]" started-at="2026-03-17T15:08:55 ICT" name="tearDown" finished-at="2026-03-17T15:08:55 ICT" duration-ms="119" status="PASS">
          <reporter-output>
          </reporter-output>
        </test-method> <!-- tearDown -->
        <test-method is-config="true" signature="setUp()[pri:0, instance:com.hcmunre.tests.RefactoredClassicTest@313ac989]" started-at="2026-03-17T15:08:55 ICT" name="setUp" finished-at="2026-03-17T15:08:56 ICT" duration-ms="627" status="PASS">
          <reporter-output>
          </reporter-output>
        </test-method> <!-- setUp -->
        <test-method is-config="true" signature="setup()[pri:0, instance:com.hcmunre.tests.RefactoredClassicTest@313ac989]" started-at="2026-03-17T15:08:56 ICT" name="setup" finished-at="2026-03-17T15:08:58 ICT" duration-ms="1927" status="PASS">
          <reporter-output>
          </reporter-output>
        </test-method> <!-- setup -->
        <test-method signature="testLoginWrongPassword()[pri:0, instance:com.hcmunre.tests.RefactoredClassicTest@313ac989]" started-at="2026-03-17T15:08:58 ICT" name="testLoginWrongPassword" description="Refactored: Đăng nhập sai mật khẩu" finished-at="2026-03-17T15:08:58 ICT" duration-ms="238" status="PASS">
          <reporter-output>
          </reporter-output>
        </test-method> <!-- testLoginWrongPassword -->
        <test-method is-config="true" signature="tearDown()[pri:0, instance:com.hcmunre.tests.RefactoredClassicTest@313ac989]" started-at="2026-03-17T15:08:58 ICT" name="tearDown" finished-at="2026-03-17T15:08:58 ICT" duration-ms="111" status="PASS">
          <reporter-output>
          </reporter-output>
        </test-method> <!-- tearDown -->
        <test-method is-config="true" signature="setUp()[pri:0, instance:com.hcmunre.tests.RefactoredClassicTest@313ac989]" started-at="2026-03-17T15:08:58 ICT" name="setUp" finished-at="2026-03-17T15:08:59 ICT" duration-ms="597" status="PASS">
          <reporter-output>
          </reporter-output>
        </test-method> <!-- setUp -->
        <test-method is-config="true" signature="setup()[pri:0, instance:com.hcmunre.tests.RefactoredClassicTest@313ac989]" started-at="2026-03-17T15:08:59 ICT" name="setup" finished-at="2026-03-17T15:09:02 ICT" duration-ms="3027" status="PASS">
          <reporter-output>
          </reporter-output>
        </test-method> <!-- setup -->
        <test-method signature="testRemoveItemFromCart()[pri:0, instance:com.hcmunre.tests.RefactoredClassicTest@313ac989]" started-at="2026-03-17T15:09:02 ICT" name="testRemoveItemFromCart" description="Refactored: Xóa sản phẩm khỏi giỏ hàng" finished-at="2026-03-17T15:09:09 ICT" duration-ms="7450" status="PASS">
          <reporter-output>
          </reporter-output>
        </test-method> <!-- testRemoveItemFromCart -->
        <test-method is-config="true" signature="tearDown()[pri:0, instance:com.hcmunre.tests.RefactoredClassicTest@313ac989]" started-at="2026-03-17T15:09:09 ICT" name="tearDown" finished-at="2026-03-17T15:09:09 ICT" duration-ms="135" status="PASS">
          <reporter-output>
          </reporter-output>
        </test-method> <!-- tearDown -->
      </class> <!-- com.hcmunre.tests.RefactoredClassicTest -->
      <class name="com.hcmunre.tests.CheckoutFakerTest">
        <test-method is-config="true" signature="setUp()[pri:0, instance:com.hcmunre.tests.CheckoutFakerTest@3023df74]" started-at="2026-03-17T15:08:41 ICT" name="setUp" finished-at="2026-03-17T15:08:42 ICT" duration-ms="617" status="PASS">
          <reporter-output>
          </reporter-output>
        </test-method> <!-- setUp -->
        <test-method retried="true" signature="testCheckoutWithRandomData()[pri:0, instance:com.hcmunre.tests.CheckoutFakerTest@3023df74]" started-at="2026-03-17T15:08:42 ICT" name="testCheckoutWithRandomData" finished-at="2026-03-17T15:08:43 ICT" duration-ms="1333" status="SKIP">
          <exception class="java.lang.AssertionError">
            <message>
              <![CDATA[Không sang được trang Checkout Overview expected [true] but found [false]]]>
            </message>
            <full-stacktrace>
              <![CDATA[java.lang.AssertionError: Không sang được trang Checkout Overview expected [true] but found [false]
at org.testng.Assert.fail(Assert.java:111)
at org.testng.Assert.failNotEquals(Assert.java:1578)
at org.testng.Assert.assertTrue(Assert.java:57)
at com.hcmunre.tests.CheckoutFakerTest.testCheckoutWithRandomData(CheckoutFakerTest.java:41)
at java.base/jdk.internal.reflect.DirectMethodHandleAccessor.invoke(DirectMethodHandleAccessor.java:103)
at java.base/java.lang.reflect.Method.invoke(Method.java:580)
at org.testng.internal.invokers.MethodInvocationHelper.invokeMethod(MethodInvocationHelper.java:141)
at org.testng.internal.invokers.TestInvoker.invokeMethod(TestInvoker.java:686)
at org.testng.internal.invokers.TestInvoker.invokeTestMethod(TestInvoker.java:230)
at org.testng.internal.invokers.MethodRunner.runInSequence(MethodRunner.java:63)
at org.testng.internal.invokers.TestInvoker$MethodInvocationAgent.invoke(TestInvoker.java:992)
at org.testng.internal.invokers.TestInvoker.invokeTestMethods(TestInvoker.java:203)
at org.testng.internal.invokers.TestMethodWorker.invokeTestMethods(TestMethodWorker.java:154)
at org.testng.internal.invokers.TestMethodWorker.run(TestMethodWorker.java:134)
at java.base/java.util.ArrayList.forEach(ArrayList.java:1596)
at org.testng.TestRunner.privateRun(TestRunner.java:739)
at org.testng.TestRunner.run(TestRunner.java:614)
at org.testng.SuiteRunner.runTest(SuiteRunner.java:421)
at org.testng.SuiteRunner.runSequentially(SuiteRunner.java:413)
at org.testng.SuiteRunner.privateRun(SuiteRunner.java:373)
at org.testng.SuiteRunner.run(SuiteRunner.java:312)
at org.testng.SuiteRunnerWorker.runSuite(SuiteRunnerWorker.java:52)
at org.testng.SuiteRunnerWorker.run(SuiteRunnerWorker.java:95)
at org.testng.TestNG.runSuitesSequentially(TestNG.java:1274)
at org.testng.TestNG.runSuitesLocally(TestNG.java:1208)
at org.testng.TestNG.runSuites(TestNG.java:1112)
at org.testng.TestNG.run(TestNG.java:1079)
at org.apache.maven.surefire.testng.TestNGExecutor.run(TestNGExecutor.java:308)
at org.apache.maven.surefire.testng.TestNGXmlTestSuite.execute(TestNGXmlTestSuite.java:71)
at org.apache.maven.surefire.testng.TestNGProvider.invoke(TestNGProvider.java:113)
at org.apache.maven.surefire.booter.ForkedBooter.runSuitesInProcess(ForkedBooter.java:385)
at org.apache.maven.surefire.booter.ForkedBooter.execute(ForkedBooter.java:162)
at org.apache.maven.surefire.booter.ForkedBooter.run(ForkedBooter.java:507)
at org.apache.maven.surefire.booter.ForkedBooter.main(ForkedBooter.java:495)
]]>
            </full-stacktrace>
          </exception> <!-- java.lang.AssertionError -->
          <reporter-output>
          </reporter-output>
        </test-method> <!-- testCheckoutWithRandomData -->
        <test-method is-config="true" signature="tearDown()[pri:0, instance:com.hcmunre.tests.CheckoutFakerTest@3023df74]" started-at="2026-03-17T15:08:43 ICT" name="tearDown" finished-at="2026-03-17T15:08:43 ICT" duration-ms="120" status="PASS">
          <reporter-output>
          </reporter-output>
        </test-method> <!-- tearDown -->
        <test-method is-config="true" signature="setUp()[pri:0, instance:com.hcmunre.tests.CheckoutFakerTest@3023df74]" started-at="2026-03-17T15:08:43 ICT" name="setUp" finished-at="2026-03-17T15:08:44 ICT" duration-ms="556" status="PASS">
          <reporter-output>
          </reporter-output>
        </test-method> <!-- setUp -->
        <test-method signature="testCheckoutWithRandomData()[pri:0, instance:com.hcmunre.tests.CheckoutFakerTest@3023df74]" started-at="2026-03-17T15:08:44 ICT" name="testCheckoutWithRandomData" finished-at="2026-03-17T15:08:46 ICT" duration-ms="2619" status="PASS">
          <reporter-output>
          </reporter-output>
        </test-method> <!-- testCheckoutWithRandomData -->
        <test-method is-config="true" signature="tearDown()[pri:0, instance:com.hcmunre.tests.CheckoutFakerTest@3023df74]" started-at="2026-03-17T15:08:46 ICT" name="tearDown" finished-at="2026-03-17T15:08:47 ICT" duration-ms="133" status="PASS">
          <reporter-output>
          </reporter-output>
        </test-method> <!-- tearDown -->
      </class> <!-- com.hcmunre.tests.CheckoutFakerTest -->
      <class name="com.hcmunre.tests.UserLoginJsonTest">
        <test-method is-config="true" signature="setUp()[pri:0, instance:com.hcmunre.tests.UserLoginJsonTest@145f66e3]" started-at="2026-03-17T15:08:23 ICT" name="setUp" finished-at="2026-03-17T15:08:24 ICT" duration-ms="1087" status="PASS">
          <reporter-output>
          </reporter-output>
        </test-method> <!-- setUp -->
        <test-method is-config="true" signature="setupTest(java.lang.reflect.Method,[Ljava.lang.Object;)[pri:0, instance:com.hcmunre.tests.UserLoginJsonTest@145f66e3]" started-at="2026-03-17T15:08:24 ICT" name="setupTest" finished-at="2026-03-17T15:08:26 ICT" duration-ms="1703" status="PASS">
          <params>
            <param index="0">
              <value>
                <![CDATA[public void com.hcmunre.tests.UserLoginJsonTest.testLoginWithJson(com.hcmunre.models.UserData)]]>
              </value>
            </param>
            <param index="1">
              <value>
                <![CDATA[[Ljava.lang.Object;@b34c7c9]]>
              </value>
            </param>
          </params>
          <reporter-output>
          </reporter-output>
        </test-method> <!-- setupTest -->
        <test-method signature="testLoginWithJson(com.hcmunre.models.UserData)[pri:0, instance:com.hcmunre.tests.UserLoginJsonTest@145f66e3]" started-at="2026-03-17T15:08:26 ICT" name="testLoginWithJson" data-provider="UserDataJson" finished-at="2026-03-17T15:08:26 ICT" duration-ms="288" status="PASS">
          <params>
            <param index="0">
              <value>
                <![CDATA[com.hcmunre.models.UserData@736f3e9e]]>
              </value>
            </param>
          </params>
          <reporter-output>
          </reporter-output>
        </test-method> <!-- testLoginWithJson -->
        <test-method is-config="true" signature="tearDown()[pri:0, instance:com.hcmunre.tests.UserLoginJsonTest@145f66e3]" started-at="2026-03-17T15:08:26 ICT" name="tearDown" finished-at="2026-03-17T15:08:26 ICT" duration-ms="122" status="PASS">
          <reporter-output>
          </reporter-output>
        </test-method> <!-- tearDown -->
        <test-method is-config="true" signature="setUp()[pri:0, instance:com.hcmunre.tests.UserLoginJsonTest@145f66e3]" started-at="2026-03-17T15:08:26 ICT" name="setUp" finished-at="2026-03-17T15:08:27 ICT" duration-ms="623" status="PASS">
          <reporter-output>
          </reporter-output>
        </test-method> <!-- setUp -->
        <test-method is-config="true" signature="setupTest(java.lang.reflect.Method,[Ljava.lang.Object;)[pri:0, instance:com.hcmunre.tests.UserLoginJsonTest@145f66e3]" started-at="2026-03-17T15:08:27 ICT" name="setupTest" finished-at="2026-03-17T15:08:28 ICT" duration-ms="596" status="PASS">
          <params>
            <param index="0">
              <value>
                <![CDATA[public void com.hcmunre.tests.UserLoginJsonTest.testLoginWithJson(com.hcmunre.models.UserData)]]>
              </value>
            </param>
            <param index="1">
              <value>
                <![CDATA[[Ljava.lang.Object;@5b490d5e]]>
              </value>
            </param>
          </params>
          <reporter-output>
          </reporter-output>
        </test-method> <!-- setupTest -->
        <test-method signature="testLoginWithJson(com.hcmunre.models.UserData)[pri:0, instance:com.hcmunre.tests.UserLoginJsonTest@145f66e3]" started-at="2026-03-17T15:08:28 ICT" name="testLoginWithJson" data-provider="UserDataJson" finished-at="2026-03-17T15:08:28 ICT" duration-ms="280" status="PASS">
          <params>
            <param index="0">
              <value>
                <![CDATA[com.hcmunre.models.UserData@7a55f148]]>
              </value>
            </param>
          </params>
          <reporter-output>
          </reporter-output>
        </test-method> <!-- testLoginWithJson -->
        <test-method is-config="true" signature="tearDown()[pri:0, instance:com.hcmunre.tests.UserLoginJsonTest@145f66e3]" started-at="2026-03-17T15:08:28 ICT" name="tearDown" finished-at="2026-03-17T15:08:28 ICT" duration-ms="111" status="PASS">
          <reporter-output>
          </reporter-output>
        </test-method> <!-- tearDown -->
        <test-method is-config="true" signature="setUp()[pri:0, instance:com.hcmunre.tests.UserLoginJsonTest@145f66e3]" started-at="2026-03-17T15:08:28 ICT" name="setUp" finished-at="2026-03-17T15:08:29 ICT" duration-ms="629" status="PASS">
          <reporter-output>
          </reporter-output>
        </test-method> <!-- setUp -->
        <test-method is-config="true" signature="setupTest(java.lang.reflect.Method,[Ljava.lang.Object;)[pri:0, instance:com.hcmunre.tests.UserLoginJsonTest@145f66e3]" started-at="2026-03-17T15:08:29 ICT" name="setupTest" finished-at="2026-03-17T15:08:31 ICT" duration-ms="2068" status="PASS">
          <params>
            <param index="0">
              <value>
                <![CDATA[public void com.hcmunre.tests.UserLoginJsonTest.testLoginWithJson(com.hcmunre.models.UserData)]]>
              </value>
            </param>
            <param index="1">
              <value>
                <![CDATA[[Ljava.lang.Object;@1f6c4ae]]>
              </value>
            </param>
          </params>
          <reporter-output>
          </reporter-output>
        </test-method> <!-- setupTest -->
        <test-method signature="testLoginWithJson(com.hcmunre.models.UserData)[pri:0, instance:com.hcmunre.tests.UserLoginJsonTest@145f66e3]" started-at="2026-03-17T15:08:31 ICT" name="testLoginWithJson" data-provider="UserDataJson" finished-at="2026-03-17T15:08:31 ICT" duration-ms="236" status="PASS">
          <params>
            <param index="0">
              <value>
                <![CDATA[com.hcmunre.models.UserData@1c6c6f24]]>
              </value>
            </param>
          </params>
          <reporter-output>
          </reporter-output>
        </test-method> <!-- testLoginWithJson -->
        <test-method is-config="true" signature="tearDown()[pri:0, instance:com.hcmunre.tests.UserLoginJsonTest@145f66e3]" started-at="2026-03-17T15:08:31 ICT" name="tearDown" finished-at="2026-03-17T15:08:31 ICT" duration-ms="113" status="PASS">
          <reporter-output>
          </reporter-output>
        </test-method> <!-- tearDown -->
        <test-method is-config="true" signature="setUp()[pri:0, instance:com.hcmunre.tests.UserLoginJsonTest@145f66e3]" started-at="2026-03-17T15:08:31 ICT" name="setUp" finished-at="2026-03-17T15:08:32 ICT" duration-ms="612" status="PASS">
          <reporter-output>
          </reporter-output>
        </test-method> <!-- setUp -->
        <test-method is-config="true" signature="setupTest(java.lang.reflect.Method,[Ljava.lang.Object;)[pri:0, instance:com.hcmunre.tests.UserLoginJsonTest@145f66e3]" started-at="2026-03-17T15:08:32 ICT" name="setupTest" finished-at="2026-03-17T15:08:33 ICT" duration-ms="1387" status="PASS">
          <params>
            <param index="0">
              <value>
                <![CDATA[public void com.hcmunre.tests.UserLoginJsonTest.testLoginWithJson(com.hcmunre.models.UserData)]]>
              </value>
            </param>
            <param index="1">
              <value>
                <![CDATA[[Ljava.lang.Object;@26270b77]]>
              </value>
            </param>
          </params>
          <reporter-output>
          </reporter-output>
        </test-method> <!-- setupTest -->
        <test-method signature="testLoginWithJson(com.hcmunre.models.UserData)[pri:0, instance:com.hcmunre.tests.UserLoginJsonTest@145f66e3]" started-at="2026-03-17T15:08:33 ICT" name="testLoginWithJson" data-provider="UserDataJson" finished-at="2026-03-17T15:08:38 ICT" duration-ms="5245" status="PASS">
          <params>
            <param index="0">
              <value>
                <![CDATA[com.hcmunre.models.UserData@1866da85]]>
              </value>
            </param>
          </params>
          <reporter-output>
          </reporter-output>
        </test-method> <!-- testLoginWithJson -->
        <test-method is-config="true" signature="tearDown()[pri:0, instance:com.hcmunre.tests.UserLoginJsonTest@145f66e3]" started-at="2026-03-17T15:08:38 ICT" name="tearDown" finished-at="2026-03-17T15:08:38 ICT" duration-ms="111" status="PASS">
          <reporter-output>
          </reporter-output>
        </test-method> <!-- tearDown -->
        <test-method is-config="true" signature="setUp()[pri:0, instance:com.hcmunre.tests.UserLoginJsonTest@145f66e3]" started-at="2026-03-17T15:08:38 ICT" name="setUp" finished-at="2026-03-17T15:08:39 ICT" duration-ms="605" status="PASS">
          <reporter-output>
          </reporter-output>
        </test-method> <!-- setUp -->
        <test-method is-config="true" signature="setupTest(java.lang.reflect.Method,[Ljava.lang.Object;)[pri:0, instance:com.hcmunre.tests.UserLoginJsonTest@145f66e3]" started-at="2026-03-17T15:08:39 ICT" name="setupTest" finished-at="2026-03-17T15:08:41 ICT" duration-ms="1978" status="PASS">
          <params>
            <param index="0">
              <value>
                <![CDATA[public void com.hcmunre.tests.UserLoginJsonTest.testLoginWithJson(com.hcmunre.models.UserData)]]>
              </value>
            </param>
            <param index="1">
              <value>
                <![CDATA[[Ljava.lang.Object;@b808af5]]>
              </value>
            </param>
          </params>
          <reporter-output>
          </reporter-output>
        </test-method> <!-- setupTest -->
        <test-method signature="testLoginWithJson(com.hcmunre.models.UserData)[pri:0, instance:com.hcmunre.tests.UserLoginJsonTest@145f66e3]" started-at="2026-03-17T15:08:41 ICT" name="testLoginWithJson" data-provider="UserDataJson" finished-at="2026-03-17T15:08:41 ICT" duration-ms="224" status="PASS">
          <params>
            <param index="0">
              <value>
                <![CDATA[com.hcmunre.models.UserData@3bbf841e]]>
              </value>
            </param>
          </params>
          <reporter-output>
          </reporter-output>
        </test-method> <!-- testLoginWithJson -->
        <test-method is-config="true" signature="tearDown()[pri:0, instance:com.hcmunre.tests.UserLoginJsonTest@145f66e3]" started-at="2026-03-17T15:08:41 ICT" name="tearDown" finished-at="2026-03-17T15:08:41 ICT" duration-ms="117" status="PASS">
          <reporter-output>
          </reporter-output>
        </test-method> <!-- tearDown -->
      </class> <!-- com.hcmunre.tests.UserLoginJsonTest -->
    </test> <!-- Regression Tests -->
  </suite> <!-- SauceDemo Regression Suite -->
</testng-results>
