<?xml version="1.0" encoding="UTF-8"?>
<testsuite xmlns:xsi="http://www.w3.org/2001/XMLSchema-instance" xsi:noNamespaceSchemaLocation="https://maven.apache.org/surefire/maven-surefire-plugin/xsd/surefire-test-report-3.0.xsd" version="3.0" name="TestSuite" time="50.288" tests="12" errors="0" skipped="0" failures="0">
  <properties>
[...]
</properties>
  <testcase name="testLoginWithJson[com.hcmunre.models.UserData@383f1975](1)" classname="com.hcmunre.tests.UserLoginJsonTest" time="0.189">
    <system-out><![CDATA[Đang dùng môi trường: dev
]]></system-out>
    <system-err><![CDATA[SLF4J: Failed to load class "org.slf4j.impl.StaticLoggerBinder".
SLF4J: Defaulting to no-operation (NOP) logger implementation
SLF4J: See http://www.slf4j.org/codes.html#StaticLoggerBinder for further details.
java.io.FileNotFoundException: src/test/resources/testdata/login_data.xlsx (No such file or directory)
	at java.base/java.io.FileInputStream.open0(Native Method)
	at java.base/java.io.FileInputStream.open(FileInputStream.java:219)
	at java.base/java.io.FileInputStream.<init>(FileInputStream.java:159)
	at java.base/java.io.FileInputStream.<init>(FileInputStream.java:112)
	at com.hcmunre.utils.ExcelReader.getSheetData(ExcelReader.java:25)
	at com.hcmunre.tests.LoginDataDrivenTest.getBoundaryData(LoginDataDrivenTest.java:46)
	at java.base/jdk.internal.reflect.DirectMethodHandleAccessor.invoke(DirectMethodHandleAccessor.java:103)
	at java.base/java.lang.reflect.Method.invoke(Method.java:580)
	at org.testng.internal.invokers.MethodInvocationHelper.invokeMethod(MethodInvocationHelper.java:141)
	at org.testng.internal.invokers.MethodInvocationHelper.invokeMethod(MethodInvocationHelper.java:86)
	at org.testng.internal.invokers.MethodInvocationHelper.invokeMethodNoCheckedException(MethodInvocationHelper.java:54)
	at org.testng.internal.invokers.MethodInvocationHelper.invokeDataProvider(MethodInvocationHelper.java:159)
	at org.testng.internal.Parameters.handleParameters(Parameters.java:809)
	at org.testng.internal.Parameters.handleParameters(Parameters.java:734)
	at org.testng.internal.invokers.ParameterHandler.handleParameters(ParameterHandler.java:72)
	at org.testng.internal.invokers.ParameterHandler.createParameters(ParameterHandler.java:51)
	at org.testng.internal.invokers.TestInvoker$MethodInvocationAgent.invoke(TestInvoker.java:946)
	at org.testng.internal.invokers.TestInvoker.invokeTestMethods(TestInvoker.java:203)
	at org.testng.internal.invokers.TestMethodWorker.invokeTestMethods(TestMethodWorker.java:154)
	at org.testng.internal.invokers.TestMethodWorker.run(TestMethodWorker.java:134)
	at java.base/java.util.ArrayList.forEach(ArrayList.java:1597)
	at org.testng.TestRunner.privateRun(TestRunner.java:739)
	at org.testng.TestRunner.run(TestRunner.java:614)
	at org.testng.SuiteRunner.runTest(SuiteRunner.java:421)
	at org.testng.SuiteRunner.runSequentially(SuiteRunner.java:413)
	at org.testng.SuiteRunner.privateRun(SuiteRunner.java:373)
	at org.testng.SuiteRunner.run(SuiteRunner.java:312)
	at org.testng.SuiteRunnerWorker.runSuite(SuiteRunnerWorker.java:52)
	at org.testng.SuiteRunnerWorker.run(SuiteRunnerWorker.java:95)
	at org.testng.TestNG.runSuitesSequentially(TestNG.java:1274)
	at org.testng.TestNG.runSuitesLocally(TestNG.java:1208)
	at org.testng.TestNG.runSuites(TestNG.java:1112)
	at org.testng.TestNG.run(TestNG.java:1079)
	at org.apache.maven.surefire.testng.TestNGExecutor.run(TestNGExecutor.java:308)
	at org.apache.maven.surefire.testng.TestNGXmlTestSuite.execute(TestNGXmlTestSuite.java:71)
	at org.apache.maven.surefire.testng.TestNGProvider.invoke(TestNGProvider.java:113)
	at org.apache.maven.surefire.booter.ForkedBooter.runSuitesInProcess(ForkedBooter.java:385)
	at org.apache.maven.surefire.booter.ForkedBooter.execute(ForkedBooter.java:162)
	at org.apache.maven.surefire.booter.ForkedBooter.run(ForkedBooter.java:507)
	at org.apache.maven.surefire.booter.ForkedBooter.main(ForkedBooter.java:495)
java.io.FileNotFoundException: src/test/resources/testdata/login_data.xlsx (No such file or directory)
	at java.base/java.io.FileInputStream.open0(Native Method)
	at java.base/java.io.FileInputStream.open(FileInputStream.java:219)
	at java.base/java.io.FileInputStream.<init>(FileInputStream.java:159)
	at java.base/java.io.FileInputStream.<init>(FileInputStream.java:112)
	at com.hcmunre.utils.ExcelReader.getSheetData(ExcelReader.java:25)
	at com.hcmunre.tests.LoginDataDrivenTest.getNegativeData(LoginDataDrivenTest.java:40)
	at java.base/jdk.internal.reflect.DirectMethodHandleAccessor.invoke(DirectMethodHandleAccessor.java:103)
	at java.base/java.lang.reflect.Method.invoke(Method.java:580)
	at org.testng.internal.invokers.MethodInvocationHelper.invokeMethod(MethodInvocationHelper.java:141)
	at org.testng.internal.invokers.MethodInvocationHelper.invokeMethod(MethodInvocationHelper.java:86)
	at org.testng.internal.invokers.MethodInvocationHelper.invokeMethodNoCheckedException(MethodInvocationHelper.java:54)
	at org.testng.internal.invokers.MethodInvocationHelper.invokeDataProvider(MethodInvocationHelper.java:159)
	at org.testng.internal.Parameters.handleParameters(Parameters.java:809)
	at org.testng.internal.Parameters.handleParameters(Parameters.java:734)
	at org.testng.internal.invokers.ParameterHandler.handleParameters(ParameterHandler.java:72)
	at org.testng.internal.invokers.ParameterHandler.createParameters(ParameterHandler.java:51)
	at org.testng.internal.invokers.TestInvoker$MethodInvocationAgent.invoke(TestInvoker.java:946)
	at org.testng.internal.invokers.TestInvoker.invokeTestMethods(TestInvoker.java:203)
	at org.testng.internal.invokers.TestMethodWorker.invokeTestMethods(TestMethodWorker.java:154)
	at org.testng.internal.invokers.TestMethodWorker.run(TestMethodWorker.java:134)
	at java.base/java.util.ArrayList.forEach(ArrayList.java:1597)
	at org.testng.TestRunner.privateRun(TestRunner.java:739)
	at org.testng.TestRunner.run(TestRunner.java:614)
	at org.testng.SuiteRunner.runTest(SuiteRunner.java:421)
	at org.testng.SuiteRunner.runSequentially(SuiteRunner.java:413)
	at org.testng.SuiteRunner.privateRun(SuiteRunner.java:373)
	at org.testng.SuiteRunner.run(SuiteRunner.java:312)
	at org.testng.SuiteRunnerWorker.runSuite(SuiteRunnerWorker.java:52)
	at org.testng.SuiteRunnerWorker.run(SuiteRunnerWorker.java:95)
	at org.testng.TestNG.runSuitesSequentially(TestNG.java:1274)
	at org.testng.TestNG.runSuitesLocally(TestNG.java:1208)
	at org.testng.TestNG.runSuites(TestNG.java:1112)
	at org.testng.TestNG.run(TestNG.java:1079)
	at org.apache.maven.surefire.testng.TestNGExecutor.run(TestNGExecutor.java:308)
	at org.apache.maven.surefire.testng.TestNGXmlTestSuite.execute(TestNGXmlTestSuite.java:71)
	at org.apache.maven.surefire.testng.TestNGProvider.invoke(TestNGProvider.java:113)
	at org.apache.maven.surefire.booter.ForkedBooter.runSuitesInProcess(ForkedBooter.java:385)
	at org.apache.maven.surefire.booter.ForkedBooter.execute(ForkedBooter.java:162)
	at org.apache.maven.surefire.booter.ForkedBooter.run(ForkedBooter.java:507)
	at org.apache.maven.surefire.booter.ForkedBooter.main(ForkedBooter.java:495)
java.io.FileNotFoundException: src/test/resources/testdata/login_data.xlsx (No such file or directory)
	at java.base/java.io.FileInputStream.open0(Native Method)
	at java.base/java.io.FileInputStream.open(FileInputStream.java:219)
	at java.base/java.io.FileInputStream.<init>(FileInputStream.java:159)
	at java.base/java.io.FileInputStream.<init>(FileInputStream.java:112)
	at com.hcmunre.utils.ExcelReader.getSheetData(ExcelReader.java:25)
	at com.hcmunre.tests.LoginDataDrivenTest.getSmokeData(LoginDataDrivenTest.java:34)
	at java.base/jdk.internal.reflect.DirectMethodHandleAccessor.invoke(DirectMethodHandleAccessor.java:103)
	at java.base/java.lang.reflect.Method.invoke(Method.java:580)
	at org.testng.internal.invokers.MethodInvocationHelper.invokeMethod(MethodInvocationHelper.java:141)
	at org.testng.internal.invokers.MethodInvocationHelper.invokeMethod(MethodInvocationHelper.java:86)
	at org.testng.internal.invokers.MethodInvocationHelper.invokeMethodNoCheckedException(MethodInvocationHelper.java:54)
	at org.testng.internal.invokers.MethodInvocationHelper.invokeDataProvider(MethodInvocationHelper.java:159)
	at org.testng.internal.Parameters.handleParameters(Parameters.java:809)
	at org.testng.internal.Parameters.handleParameters(Parameters.java:734)
	at org.testng.internal.invokers.ParameterHandler.handleParameters(ParameterHandler.java:72)
	at org.testng.internal.invokers.ParameterHandler.createParameters(ParameterHandler.java:51)
	at org.testng.internal.invokers.TestInvoker$MethodInvocationAgent.invoke(TestInvoker.java:946)
	at org.testng.internal.invokers.TestInvoker.invokeTestMethods(TestInvoker.java:203)
	at org.testng.internal.invokers.TestMethodWorker.invokeTestMethods(TestMethodWorker.java:154)
	at org.testng.internal.invokers.TestMethodWorker.run(TestMethodWorker.java:134)
	at java.base/java.util.ArrayList.forEach(ArrayList.java:1597)
	at org.testng.TestRunner.privateRun(TestRunner.java:739)
	at org.testng.TestRunner.run(TestRunner.java:614)
	at org.testng.SuiteRunner.runTest(SuiteRunner.java:421)
	at org.testng.SuiteRunner.runSequentially(SuiteRunner.java:413)
	at org.testng.SuiteRunner.privateRun(SuiteRunner.java:373)
	at org.testng.SuiteRunner.run(SuiteRunner.java:312)
	at org.testng.SuiteRunnerWorker.runSuite(SuiteRunnerWorker.java:52)
	at org.testng.SuiteRunnerWorker.run(SuiteRunnerWorker.java:95)
	at org.testng.TestNG.runSuitesSequentially(TestNG.java:1274)
	at org.testng.TestNG.runSuitesLocally(TestNG.java:1208)
	at org.testng.TestNG.runSuites(TestNG.java:1112)
	at org.testng.TestNG.run(TestNG.java:1079)
	at org.apache.maven.surefire.testng.TestNGExecutor.run(TestNGExecutor.java:308)
	at org.apache.maven.surefire.testng.TestNGXmlTestSuite.execute(TestNGXmlTestSuite.java:71)
	at org.apache.maven.surefire.testng.TestNGProvider.invoke(TestNGProvider.java:113)
	at org.apache.maven.surefire.booter.ForkedBooter.runSuitesInProcess(ForkedBooter.java:385)
	at org.apache.maven.surefire.booter.ForkedBooter.execute(ForkedBooter.java:162)
	at org.apache.maven.surefire.booter.ForkedBooter.run(ForkedBooter.java:507)
	at org.apache.maven.surefire.booter.ForkedBooter.main(ForkedBooter.java:495)
thg 3 31, 2026 3:26:26 CH org.openqa.selenium.manager.SeleniumManager lambda$runCommand$1
WARNING: Cache folder (/Users/daochinh/.cache/selenium) cannot be created: Permission denied (os error 13)
thg 3 31, 2026 3:26:26 CH org.openqa.selenium.manager.SeleniumManager lambda$runCommand$1
WARNING: Cache folder (/Users/daochinh/.cache/selenium) cannot be created: Permission denied (os error 13)
thg 3 31, 2026 3:26:26 CH org.openqa.selenium.manager.SeleniumManager lambda$runCommand$1
WARNING: Cache folder (/Users/daochinh/.cache/selenium) cannot be created: Permission denied (os error 13)
]]></system-err>
  </testcase>
  <testcase name="testLoginWithJson[com.hcmunre.models.UserData@62ce72ff](2)" classname="com.hcmunre.tests.UserLoginJsonTest" time="0.123">
    <system-err><![CDATA[thg 3 31, 2026 3:26:29 CH org.openqa.selenium.manager.SeleniumManager lambda$runCommand$1
WARNING: Cache folder (/Users/daochinh/.cache/selenium) cannot be created: Permission denied (os error 13)
thg 3 31, 2026 3:26:29 CH org.openqa.selenium.manager.SeleniumManager lambda$runCommand$1
WARNING: Cache folder (/Users/daochinh/.cache/selenium) cannot be created: Permission denied (os error 13)
thg 3 31, 2026 3:26:29 CH org.openqa.selenium.manager.SeleniumManager lambda$runCommand$1
WARNING: Cache folder (/Users/daochinh/.cache/selenium) cannot be created: Permission denied (os error 13)
]]></system-err>
  </testcase>
  <testcase name="testLoginWithJson[com.hcmunre.models.UserData@45bb2aa1](3)" classname="com.hcmunre.tests.UserLoginJsonTest" time="0.21">
    <system-err><![CDATA[thg 3 31, 2026 3:26:32 CH org.openqa.selenium.manager.SeleniumManager lambda$runCommand$1
WARNING: Cache folder (/Users/daochinh/.cache/selenium) cannot be created: Permission denied (os error 13)
thg 3 31, 2026 3:26:32 CH org.openqa.selenium.manager.SeleniumManager lambda$runCommand$1
WARNING: Cache folder (/Users/daochinh/.cache/selenium) cannot be created: Permission denied (os error 13)
thg 3 31, 2026 3:26:32 CH org.openqa.selenium.manager.SeleniumManager lambda$runCommand$1
WARNING: Cache folder (/Users/daochinh/.cache/selenium) cannot be created: Permission denied (os error 13)
]]></system-err>
  </testcase>
  <testcase name="testLoginWithJson[com.hcmunre.models.UserData@602ae7b6](4)" classname="com.hcmunre.tests.UserLoginJsonTest" time="5.174">
    <system-err><![CDATA[thg 3 31, 2026 3:26:35 CH org.openqa.selenium.manager.SeleniumManager lambda$runCommand$1
WARNING: Cache folder (/Users/daochinh/.cache/selenium) cannot be created: Permission denied (os error 13)
thg 3 31, 2026 3:26:35 CH org.openqa.selenium.manager.SeleniumManager lambda$runCommand$1
WARNING: Cache folder (/Users/daochinh/.cache/selenium) cannot be created: Permission denied (os error 13)
thg 3 31, 2026 3:26:35 CH org.openqa.selenium.manager.SeleniumManager lambda$runCommand$1
WARNING: Cache folder (/Users/daochinh/.cache/selenium) cannot be created: Permission denied (os error 13)
]]></system-err>
  </testcase>
  <testcase name="testLoginWithJson[com.hcmunre.models.UserData@5d51e129](5)" classname="com.hcmunre.tests.UserLoginJsonTest" time="0.146">
    <system-err><![CDATA[thg 3 31, 2026 3:26:42 CH org.openqa.selenium.manager.SeleniumManager lambda$runCommand$1
WARNING: Cache folder (/Users/daochinh/.cache/selenium) cannot be created: Permission denied (os error 13)
thg 3 31, 2026 3:26:42 CH org.openqa.selenium.manager.SeleniumManager lambda$runCommand$1
WARNING: Cache folder (/Users/daochinh/.cache/selenium) cannot be created: Permission denied (os error 13)
thg 3 31, 2026 3:26:42 CH org.openqa.selenium.manager.SeleniumManager lambda$runCommand$1
WARNING: Cache folder (/Users/daochinh/.cache/selenium) cannot be created: Permission denied (os error 13)
]]></system-err>
  </testcase>
  <testcase name="testCheckoutWithRandomData" classname="com.hcmunre.tests.CheckoutFakerTest" time="1.529">
    <system-out><![CDATA[--- ĐANG CHẠY TEST VỚI DỮ LIỆU FAKER ---
First Name: Nguyễn
Last Name: Kim
Postal Code: SDTE  6FG
---------------------------------------
]]></system-out>
    <system-err><![CDATA[thg 3 31, 2026 3:26:46 CH org.openqa.selenium.manager.SeleniumManager lambda$runCommand$1
WARNING: Cache folder (/Users/daochinh/.cache/selenium) cannot be created: Permission denied (os error 13)
thg 3 31, 2026 3:26:46 CH org.openqa.selenium.manager.SeleniumManager lambda$runCommand$1
WARNING: Cache folder (/Users/daochinh/.cache/selenium) cannot be created: Permission denied (os error 13)
thg 3 31, 2026 3:26:46 CH org.openqa.selenium.manager.SeleniumManager lambda$runCommand$1
WARNING: Cache folder (/Users/daochinh/.cache/selenium) cannot be created: Permission denied (os error 13)
]]></system-err>
  </testcase>
  <testcase name="testAddItemToCart" classname="com.hcmunre.tests.RefactoredClassicTest" time="0.226">
    <system-err><![CDATA[thg 3 31, 2026 3:26:49 CH org.openqa.selenium.manager.SeleniumManager lambda$runCommand$1
WARNING: Cache folder (/Users/daochinh/.cache/selenium) cannot be created: Permission denied (os error 13)
thg 3 31, 2026 3:26:49 CH org.openqa.selenium.manager.SeleniumManager lambda$runCommand$1
WARNING: Cache folder (/Users/daochinh/.cache/selenium) cannot be created: Permission denied (os error 13)
thg 3 31, 2026 3:26:49 CH org.openqa.selenium.manager.SeleniumManager lambda$runCommand$1
WARNING: Cache folder (/Users/daochinh/.cache/selenium) cannot be created: Permission denied (os error 13)
]]></system-err>
  </testcase>
  <testcase name="testContinueShopping" classname="com.hcmunre.tests.RefactoredClassicTest" time="0.239">
    <system-err><![CDATA[thg 3 31, 2026 3:26:52 CH org.openqa.selenium.manager.SeleniumManager lambda$runCommand$1
WARNING: Cache folder (/Users/daochinh/.cache/selenium) cannot be created: Permission denied (os error 13)
thg 3 31, 2026 3:26:52 CH org.openqa.selenium.manager.SeleniumManager lambda$runCommand$1
WARNING: Cache folder (/Users/daochinh/.cache/selenium) cannot be created: Permission denied (os error 13)
thg 3 31, 2026 3:26:52 CH org.openqa.selenium.manager.SeleniumManager lambda$runCommand$1
WARNING: Cache folder (/Users/daochinh/.cache/selenium) cannot be created: Permission denied (os error 13)
]]></system-err>
  </testcase>
  <testcase name="testLoginEmptyUsername" classname="com.hcmunre.tests.RefactoredClassicTest" time="0.142">
    <system-err><![CDATA[thg 3 31, 2026 3:26:55 CH org.openqa.selenium.manager.SeleniumManager lambda$runCommand$1
WARNING: Cache folder (/Users/daochinh/.cache/selenium) cannot be created: Permission denied (os error 13)
thg 3 31, 2026 3:26:55 CH org.openqa.selenium.manager.SeleniumManager lambda$runCommand$1
WARNING: Cache folder (/Users/daochinh/.cache/selenium) cannot be created: Permission denied (os error 13)
thg 3 31, 2026 3:26:55 CH org.openqa.selenium.manager.SeleniumManager lambda$runCommand$1
WARNING: Cache folder (/Users/daochinh/.cache/selenium) cannot be created: Permission denied (os error 13)
]]></system-err>
  </testcase>
  <testcase name="testLoginSuccess" classname="com.hcmunre.tests.RefactoredClassicTest" time="0.171">
    <system-err><![CDATA[thg 3 31, 2026 3:26:58 CH org.openqa.selenium.manager.SeleniumManager lambda$runCommand$1
WARNING: Cache folder (/Users/daochinh/.cache/selenium) cannot be created: Permission denied (os error 13)
thg 3 31, 2026 3:26:58 CH org.openqa.selenium.manager.SeleniumManager lambda$runCommand$1
WARNING: Cache folder (/Users/daochinh/.cache/selenium) cannot be created: Permission denied (os error 13)
thg 3 31, 2026 3:26:58 CH org.openqa.selenium.manager.SeleniumManager lambda$runCommand$1
WARNING: Cache folder (/Users/daochinh/.cache/selenium) cannot be created: Permission denied (os error 13)
]]></system-err>
  </testcase>
  <testcase name="testLoginWrongPassword" classname="com.hcmunre.tests.RefactoredClassicTest" time="0.145">
    <system-err><![CDATA[thg 3 31, 2026 3:27:02 CH org.openqa.selenium.manager.SeleniumManager lambda$runCommand$1
WARNING: Cache folder (/Users/daochinh/.cache/selenium) cannot be created: Permission denied (os error 13)
thg 3 31, 2026 3:27:02 CH org.openqa.selenium.manager.SeleniumManager lambda$runCommand$1
WARNING: Cache folder (/Users/daochinh/.cache/selenium) cannot be created: Permission denied (os error 13)
thg 3 31, 2026 3:27:02 CH org.openqa.selenium.manager.SeleniumManager lambda$runCommand$1
WARNING: Cache folder (/Users/daochinh/.cache/selenium) cannot be created: Permission denied (os error 13)
]]></system-err>
  </testcase>
  <testcase name="testRemoveItemFromCart" classname="com.hcmunre.tests.RefactoredClassicTest" time="7.612">
    <system-err><![CDATA[thg 3 31, 2026 3:27:04 CH org.openqa.selenium.manager.SeleniumManager lambda$runCommand$1
WARNING: Cache folder (/Users/daochinh/.cache/selenium) cannot be created: Permission denied (os error 13)
thg 3 31, 2026 3:27:04 CH org.openqa.selenium.manager.SeleniumManager lambda$runCommand$1
WARNING: Cache folder (/Users/daochinh/.cache/selenium) cannot be created: Permission denied (os error 13)
thg 3 31, 2026 3:27:04 CH org.openqa.selenium.manager.SeleniumManager lambda$runCommand$1
WARNING: Cache folder (/Users/daochinh/.cache/selenium) cannot be created: Permission denied (os error 13)
]]></system-err>
  </testcase>
</testsuite>