<?xml version="1.0" encoding="UTF-8"?>
<!-- Generated by org.testng.reporters.JUnitReportReporter -->
<testsuite hostname="192.168.1.15" failures="0" tests="6" name="com.hcmunre.tests.RefactoredClassicTest" time="22.116" errors="0" timestamp="2026-03-31T15:01:41 GMT+07:00" skipped="0">
  <testcase classname="com.hcmunre.tests.RefactoredClassicTest" name="testAddItemToCart" time="2.419"/>
  <testcase classname="com.hcmunre.tests.RefactoredClassicTest" name="testLoginSuccess" time="2.502"/>
  <testcase classname="com.hcmunre.tests.RefactoredClassicTest" name="testLoginWrongPassword" time="2.467"/>
  <testcase classname="com.hcmunre.tests.RefactoredClassicTest" name="testContinueShopping" time="2.931"/>
  <testcase classname="com.hcmunre.tests.RefactoredClassicTest" name="testRemoveItemFromCart" time="9.683"/>
  <testcase classname="com.hcmunre.tests.RefactoredClassicTest" name="testLoginEmptyUsername" time="2.114"/>
</testsuite> <!-- com.hcmunre.tests.RefactoredClassicTest -->
