<?xml version="1.0" encoding="UTF-8"?>
<!-- Generated by org.testng.reporters.JUnitReportReporter -->
<testsuite hostname="LAPTOP-A17NR9K5" failures="0" tests="5" name="com.hcmunre.tests.UserLoginJsonTest" time="18.135" errors="0" timestamp="2026-03-17T15:09:09 ICT" skipped="0">
  <testcase classname="com.hcmunre.tests.UserLoginJsonTest" name="testLoginWithJson" time="2.879"/>
  <testcase classname="com.hcmunre.tests.UserLoginJsonTest" name="testLoginWithJson" time="1.555"/>
  <testcase classname="com.hcmunre.tests.UserLoginJsonTest" name="testLoginWithJson" time="3.082"/>
  <testcase classname="com.hcmunre.tests.UserLoginJsonTest" name="testLoginWithJson" time="7.666"/>
  <testcase classname="com.hcmunre.tests.UserLoginJsonTest" name="testLoginWithJson" time="2.953"/>
</testsuite> <!-- com.hcmunre.tests.UserLoginJsonTest -->
