<?xml version="1.0" encoding="UTF-8"?>
<!-- Generated by org.testng.reporters.JUnitReportReporter -->
<testsuite hostname="LAPTOP-A17NR9K5" failures="0" tests="2" name="com.hcmunre.tests.CheckoutFakerTest" time="5.378" errors="0" timestamp="2026-03-17T15:09:09 ICT" skipped="1">
  <testcase classname="com.hcmunre.tests.CheckoutFakerTest" name="testCheckoutWithRandomData" time="3.369"/>
  <testcase classname="com.hcmunre.tests.CheckoutFakerTest" name="testCheckoutWithRandomData" time="2.009">
    <skipped/>
  </testcase> <!-- testCheckoutWithRandomData -->
</testsuite> <!-- com.hcmunre.tests.CheckoutFakerTest -->
