<?xml version="1.0" encoding="UTF-8"?>
<!-- Generated by org.testng.reporters.JUnitReportReporter -->
<testsuite hostname="192.168.1.15" failures="0" tests="5" name="com.hcmunre.tests.UserLoginJsonTest" time="31.463" errors="0" timestamp="2026-03-31T14:15:29 GMT+07:00" skipped="0">
  <testcase classname="com.hcmunre.tests.UserLoginJsonTest" name="testLoginWithJson" time="16.846"/>
  <testcase classname="com.hcmunre.tests.UserLoginJsonTest" name="testLoginWithJson" time="2.968"/>
  <testcase classname="com.hcmunre.tests.UserLoginJsonTest" name="testLoginWithJson" time="2.944"/>
  <testcase classname="com.hcmunre.tests.UserLoginJsonTest" name="testLoginWithJson" time="3.692"/>
  <testcase classname="com.hcmunre.tests.UserLoginJsonTest" name="testLoginWithJson" time="5.013"/>
</testsuite> <!-- com.hcmunre.tests.UserLoginJsonTest -->
