<?xml version="1.0" encoding="UTF-8"?>
<!-- Generated by org.testng.reporters.JUnitReportReporter -->
<testsuite hostname="LAPTOP-A17NR9K5" failures="0" tests="6" name="com.hcmunre.tests.RefactoredClassicTest" time="22.644" errors="0" timestamp="2026-03-17T15:09:09 ICT" skipped="0">
  <testcase classname="com.hcmunre.tests.RefactoredClassicTest" name="testAddItemToCart" time="2.489"/>
  <testcase classname="com.hcmunre.tests.RefactoredClassicTest" name="testLoginWrongPassword" time="2.371"/>
  <testcase classname="com.hcmunre.tests.RefactoredClassicTest" name="testContinueShopping" time="4.075"/>
  <testcase classname="com.hcmunre.tests.RefactoredClassicTest" name="testLoginSuccess" time="2.833"/>
  <testcase classname="com.hcmunre.tests.RefactoredClassicTest" name="testLoginEmptyUsername" time="1.496"/>
  <testcase classname="com.hcmunre.tests.RefactoredClassicTest" name="testRemoveItemFromCart" time="9.380"/>
</testsuite> <!-- com.hcmunre.tests.RefactoredClassicTest -->
